2021-03-18 16:08:14 [Thread-5] INFO  o.s.s.c.ThreadPoolTaskExecutor - Shutting down ExecutorService 'applicationTaskExecutor'
2021-03-18 16:08:14 [restartedMain] INFO  com.epam.web.StartApplication - Starting StartApplication on DESKTOP-95BF9T0 with PID 13892 (C:\Users\Dima\IdeaProjects\labs3\target\classes started by Dima in C:\Users\Dima\IdeaProjects\labs3)
2021-03-18 16:08:14 [restartedMain] INFO  com.epam.web.StartApplication - No active profile set, falling back to default profiles: default
2021-03-18 16:08:14 [restartedMain] INFO  o.s.b.w.e.tomcat.TomcatWebServer - Tomcat initialized with port(s): 8080 (http)
2021-03-18 16:08:14 [restartedMain] INFO  o.a.catalina.core.StandardService - Starting service [Tomcat]
2021-03-18 16:08:14 [restartedMain] INFO  o.a.catalina.core.StandardEngine - Starting Servlet engine: [Apache Tomcat/9.0.41]
2021-03-18 16:08:15 [restartedMain] INFO  o.a.c.c.C.[Tomcat].[localhost].[/] - Initializing Spring embedded WebApplicationContext
2021-03-18 16:08:15 [restartedMain] INFO  o.s.b.w.s.c.ServletWebServerApplicationContext - Root WebApplicationContext: initialization completed in 687 ms
2021-03-18 16:08:15 [restartedMain] WARN  o.s.b.w.s.c.AnnotationConfigServletWebServerApplicationContext - Exception encountered during context initialization - cancelling refresh attempt: org.springframework.beans.factory.UnsatisfiedDependencyException: Error creating bean with name 'triangleCalculator': Unsatisfied dependency expressed through field 'triangleValidator'; nested exception is org.springframework.beans.factory.NoSuchBeanDefinitionException: No qualifying bean of type 'com.epam.web.logic.validator.TriangleValidator' available: expected at least 1 bean which qualifies as autowire candidate. Dependency annotations: {@org.springframework.beans.factory.annotation.Autowired(required=true)}
2021-03-18 16:08:15 [restartedMain] INFO  o.a.catalina.core.StandardService - Stopping service [Tomcat]
2021-03-18 16:08:15 [restartedMain] INFO  o.s.b.a.l.ConditionEvaluationReportLoggingListener - 

Error starting ApplicationContext. To display the conditions report re-run your application with 'debug' enabled.
2021-03-18 16:08:15 [restartedMain] ERROR o.s.b.d.LoggingFailureAnalysisReporter - 

***************************
APPLICATION FAILED TO START
***************************

Description:

Field triangleValidator in com.epam.web.logic.TriangleCalculator required a bean of type 'com.epam.web.logic.validator.TriangleValidator' that could not be found.

The injection point has the following annotations:
	- @org.springframework.beans.factory.annotation.Autowired(required=true)


Action:

Consider defining a bean of type 'com.epam.web.logic.validator.TriangleValidator' in your configuration.

2021-03-18 16:08:17 [restartedMain] INFO  com.epam.web.StartApplication - Starting StartApplication on DESKTOP-95BF9T0 with PID 14536 (C:\Users\Dima\IdeaProjects\labs3\target\classes started by Dima in C:\Users\Dima\IdeaProjects\labs3)
2021-03-18 16:08:17 [restartedMain] INFO  com.epam.web.StartApplication - No active profile set, falling back to default profiles: default
2021-03-18 16:08:18 [restartedMain] INFO  o.s.b.d.e.DevToolsPropertyDefaultsPostProcessor - Devtools property defaults active! Set 'spring.devtools.add-properties' to 'false' to disable
2021-03-18 16:08:18 [restartedMain] INFO  o.s.b.d.e.DevToolsPropertyDefaultsPostProcessor - For additional web related logging consider setting the 'logging.level.web' property to 'DEBUG'
2021-03-18 16:08:20 [restartedMain] INFO  o.s.b.w.e.tomcat.TomcatWebServer - Tomcat initialized with port(s): 8080 (http)
2021-03-18 16:08:20 [restartedMain] INFO  o.a.catalina.core.StandardService - Starting service [Tomcat]
2021-03-18 16:08:20 [restartedMain] INFO  o.a.catalina.core.StandardEngine - Starting Servlet engine: [Apache Tomcat/9.0.41]
2021-03-18 16:08:20 [restartedMain] INFO  o.a.c.c.C.[Tomcat].[localhost].[/] - Initializing Spring embedded WebApplicationContext
2021-03-18 16:08:20 [restartedMain] INFO  o.s.b.w.s.c.ServletWebServerApplicationContext - Root WebApplicationContext: initialization completed in 2216 ms
2021-03-18 16:08:20 [restartedMain] INFO  o.s.s.c.ThreadPoolTaskExecutor - Initializing ExecutorService 'applicationTaskExecutor'
2021-03-18 16:08:20 [restartedMain] WARN  o.s.b.a.t.ThymeleafAutoConfiguration$DefaultTemplateResolverConfiguration - Cannot find template location: classpath:/templates/ (please add some templates or check your Thymeleaf configuration)
2021-03-18 16:08:21 [restartedMain] WARN  o.s.b.d.a.OptionalLiveReloadServer - Unable to start LiveReload server
2021-03-18 16:08:21 [restartedMain] INFO  o.s.b.w.e.tomcat.TomcatWebServer - Tomcat started on port(s): 8080 (http) with context path ''
2021-03-18 16:08:21 [restartedMain] INFO  com.epam.web.StartApplication - Started StartApplication in 3.914 seconds (JVM running for 5.014)
2021-03-18 16:08:42 [http-nio-8080-exec-1] INFO  o.a.c.c.C.[Tomcat].[localhost].[/] - Initializing Spring DispatcherServlet 'dispatcherServlet'
2021-03-18 16:08:42 [http-nio-8080-exec-1] INFO  o.s.web.servlet.DispatcherServlet - Initializing Servlet 'dispatcherServlet'
2021-03-18 16:08:42 [http-nio-8080-exec-1] INFO  o.s.web.servlet.DispatcherServlet - Completed initialization in 16 ms
2021-03-18 16:08:42 [http-nio-8080-exec-1] WARN  o.s.w.s.m.a.ResponseStatusExceptionResolver - Resolved [com.epam.web.exceptions.TriangleCalculatorException: Triangle is not exist]
2021-03-18 16:09:39 [restartedMain] INFO  com.epam.web.StartApplication - Starting StartApplication on DESKTOP-95BF9T0 with PID 6784 (C:\Users\Dima\IdeaProjects\labs3\target\classes started by Dima in C:\Users\Dima\IdeaProjects\labs3)
2021-03-18 16:09:39 [restartedMain] INFO  com.epam.web.StartApplication - No active profile set, falling back to default profiles: default
2021-03-18 16:09:39 [restartedMain] INFO  o.s.b.d.e.DevToolsPropertyDefaultsPostProcessor - Devtools property defaults active! Set 'spring.devtools.add-properties' to 'false' to disable
2021-03-18 16:09:39 [restartedMain] INFO  o.s.b.d.e.DevToolsPropertyDefaultsPostProcessor - For additional web related logging consider setting the 'logging.level.web' property to 'DEBUG'
2021-03-18 16:09:41 [restartedMain] INFO  o.s.b.w.e.tomcat.TomcatWebServer - Tomcat initialized with port(s): 8080 (http)
2021-03-18 16:09:41 [restartedMain] INFO  o.a.catalina.core.StandardService - Starting service [Tomcat]
2021-03-18 16:09:41 [restartedMain] INFO  o.a.catalina.core.StandardEngine - Starting Servlet engine: [Apache Tomcat/9.0.41]
2021-03-18 16:09:41 [restartedMain] INFO  o.a.c.c.C.[Tomcat].[localhost].[/] - Initializing Spring embedded WebApplicationContext
2021-03-18 16:09:41 [restartedMain] INFO  o.s.b.w.s.c.ServletWebServerApplicationContext - Root WebApplicationContext: initialization completed in 2368 ms
2021-03-18 16:09:42 [restartedMain] INFO  o.s.s.c.ThreadPoolTaskExecutor - Initializing ExecutorService 'applicationTaskExecutor'
2021-03-18 16:09:42 [restartedMain] WARN  o.s.b.a.t.ThymeleafAutoConfiguration$DefaultTemplateResolverConfiguration - Cannot find template location: classpath:/templates/ (please add some templates or check your Thymeleaf configuration)
2021-03-18 16:09:42 [restartedMain] WARN  o.s.b.d.a.OptionalLiveReloadServer - Unable to start LiveReload server
2021-03-18 16:09:42 [restartedMain] INFO  o.s.b.w.e.tomcat.TomcatWebServer - Tomcat started on port(s): 8080 (http) with context path ''
2021-03-18 16:09:42 [restartedMain] INFO  com.epam.web.StartApplication - Started StartApplication in 4.073 seconds (JVM running for 5.107)
2021-03-18 16:09:59 [http-nio-8080-exec-1] INFO  o.a.c.c.C.[Tomcat].[localhost].[/] - Initializing Spring DispatcherServlet 'dispatcherServlet'
2021-03-18 16:09:59 [http-nio-8080-exec-1] INFO  o.s.web.servlet.DispatcherServlet - Initializing Servlet 'dispatcherServlet'
2021-03-18 16:09:59 [http-nio-8080-exec-1] INFO  o.s.web.servlet.DispatcherServlet - Completed initialization in 15 ms
2021-03-18 16:09:59 [http-nio-8080-exec-1] ERROR c.e.web.controllers.RestController - Invalid Input error,One of sides is smaller then 0
2021-03-18 16:09:59 [http-nio-8080-exec-1] WARN  o.s.w.s.m.a.ResponseStatusExceptionResolver - Resolved [com.epam.web.exceptions.InputException: One of sides is smaller then 0]
2021-03-18 16:22:30 [Thread-1] INFO  o.s.s.c.ThreadPoolTaskExecutor - Shutting down ExecutorService 'applicationTaskExecutor'
2021-03-18 16:22:30 [restartedMain] INFO  com.epam.web.StartApplication - Starting StartApplication on DESKTOP-95BF9T0 with PID 13892 (C:\Users\Dima\IdeaProjects\labs3\target\classes started by Dima in C:\Users\Dima\IdeaProjects\labs3)
2021-03-18 16:22:30 [restartedMain] INFO  com.epam.web.StartApplication - No active profile set, falling back to default profiles: default
2021-03-18 16:22:30 [restartedMain] INFO  com.epam.web.StartApplication - Starting StartApplication on DESKTOP-95BF9T0 with PID 6784 (C:\Users\Dima\IdeaProjects\labs3\target\classes started by Dima in C:\Users\Dima\IdeaProjects\labs3)
2021-03-18 16:22:30 [restartedMain] INFO  com.epam.web.StartApplication - No active profile set, falling back to default profiles: default
2021-03-18 16:22:31 [restartedMain] INFO  o.s.b.w.e.tomcat.TomcatWebServer - Tomcat initialized with port(s): 8080 (http)
2021-03-18 16:22:31 [restartedMain] INFO  o.a.catalina.core.StandardService - Starting service [Tomcat]
2021-03-18 16:22:31 [restartedMain] INFO  o.a.catalina.core.StandardEngine - Starting Servlet engine: [Apache Tomcat/9.0.41]
2021-03-18 16:22:31 [restartedMain] INFO  o.a.c.c.C.[Tomcat-1].[localhost].[/] - Initializing Spring embedded WebApplicationContext
2021-03-18 16:22:31 [restartedMain] INFO  o.s.b.w.s.c.ServletWebServerApplicationContext - Root WebApplicationContext: initialization completed in 750 ms
2021-03-18 16:22:31 [restartedMain] INFO  o.s.b.w.e.tomcat.TomcatWebServer - Tomcat initialized with port(s): 8080 (http)
2021-03-18 16:22:31 [restartedMain] INFO  o.a.catalina.core.StandardService - Starting service [Tomcat]
2021-03-18 16:22:31 [restartedMain] INFO  o.a.catalina.core.StandardEngine - Starting Servlet engine: [Apache Tomcat/9.0.41]
2021-03-18 16:22:31 [restartedMain] INFO  o.a.c.c.C.[Tomcat].[localhost].[/] - Initializing Spring embedded WebApplicationContext
2021-03-18 16:22:31 [restartedMain] INFO  o.s.b.w.s.c.ServletWebServerApplicationContext - Root WebApplicationContext: initialization completed in 874 ms
2021-03-18 16:22:31 [restartedMain] INFO  o.s.s.c.ThreadPoolTaskExecutor - Initializing ExecutorService 'applicationTaskExecutor'
2021-03-18 16:22:31 [restartedMain] INFO  o.s.s.c.ThreadPoolTaskExecutor - Initializing ExecutorService 'applicationTaskExecutor'
2021-03-18 16:22:31 [restartedMain] WARN  o.s.b.a.t.ThymeleafAutoConfiguration$DefaultTemplateResolverConfiguration - Cannot find template location: classpath:/templates/ (please add some templates or check your Thymeleaf configuration)
2021-03-18 16:22:31 [restartedMain] WARN  o.s.b.d.a.OptionalLiveReloadServer - Unable to start LiveReload server
2021-03-18 16:22:32 [restartedMain] WARN  o.s.b.a.t.ThymeleafAutoConfiguration$DefaultTemplateResolverConfiguration - Cannot find template location: classpath:/templates/ (please add some templates or check your Thymeleaf configuration)
2021-03-18 16:22:31 [restartedMain] INFO  o.s.b.w.e.tomcat.TomcatWebServer - Tomcat started on port(s): 8080 (http) with context path ''
2021-03-18 16:22:32 [restartedMain] INFO  com.epam.web.StartApplication - Started StartApplication in 1.591 seconds (JVM running for 774.849)
2021-03-18 16:22:32 [restartedMain] INFO  o.s.b.d.a.ConditionEvaluationDeltaLoggingListener - Condition evaluation unchanged
2021-03-18 16:22:32 [restartedMain] INFO  o.s.b.d.a.OptionalLiveReloadServer - LiveReload server is running on port 35729
2021-03-18 16:22:32 [restartedMain] WARN  o.s.b.w.s.c.AnnotationConfigServletWebServerApplicationContext - Exception encountered during context initialization - cancelling refresh attempt: org.springframework.context.ApplicationContextException: Failed to start bean 'webServerStartStop'; nested exception is org.springframework.boot.web.server.PortInUseException: Port 8080 is already in use
2021-03-18 16:22:32 [restartedMain] INFO  o.s.s.c.ThreadPoolTaskExecutor - Shutting down ExecutorService 'applicationTaskExecutor'
2021-03-18 16:22:32 [restartedMain] INFO  o.a.catalina.core.StandardService - Stopping service [Tomcat]
2021-03-18 16:22:32 [restartedMain] INFO  o.s.b.a.l.ConditionEvaluationReportLoggingListener - 

Error starting ApplicationContext. To display the conditions report re-run your application with 'debug' enabled.
2021-03-18 16:22:32 [restartedMain] ERROR o.s.b.d.LoggingFailureAnalysisReporter - 

***************************
APPLICATION FAILED TO START
***************************

Description:

Web server failed to start. Port 8080 was already in use.

Action:

Identify and stop the process that's listening on port 8080 or configure this application to listen on another port.

2021-03-18 16:23:50 [Thread-6] INFO  o.s.s.c.ThreadPoolTaskExecutor - Shutting down ExecutorService 'applicationTaskExecutor'
2021-03-18 16:23:50 [restartedMain] INFO  com.epam.web.StartApplication - Starting StartApplication on DESKTOP-95BF9T0 with PID 13892 (C:\Users\Dima\IdeaProjects\labs3\target\classes started by Dima in C:\Users\Dima\IdeaProjects\labs3)
2021-03-18 16:23:50 [restartedMain] INFO  com.epam.web.StartApplication - No active profile set, falling back to default profiles: default
2021-03-18 16:23:50 [restartedMain] INFO  com.epam.web.StartApplication - Starting StartApplication on DESKTOP-95BF9T0 with PID 6784 (C:\Users\Dima\IdeaProjects\labs3\target\classes started by Dima in C:\Users\Dima\IdeaProjects\labs3)
2021-03-18 16:23:50 [restartedMain] INFO  com.epam.web.StartApplication - No active profile set, falling back to default profiles: default
2021-03-18 16:23:50 [restartedMain] INFO  o.s.b.w.e.tomcat.TomcatWebServer - Tomcat initialized with port(s): 8080 (http)
2021-03-18 16:23:50 [restartedMain] INFO  o.a.catalina.core.StandardService - Starting service [Tomcat]
2021-03-18 16:23:50 [restartedMain] INFO  o.a.catalina.core.StandardEngine - Starting Servlet engine: [Apache Tomcat/9.0.41]
2021-03-18 16:23:50 [restartedMain] INFO  o.a.c.c.C.[Tomcat-2].[localhost].[/] - Initializing Spring embedded WebApplicationContext
2021-03-18 16:23:50 [restartedMain] INFO  o.s.b.w.s.c.ServletWebServerApplicationContext - Root WebApplicationContext: initialization completed in 813 ms
2021-03-18 16:23:51 [restartedMain] INFO  o.s.s.c.ThreadPoolTaskExecutor - Initializing ExecutorService 'applicationTaskExecutor'
2021-03-18 16:23:51 [restartedMain] WARN  o.s.b.a.t.ThymeleafAutoConfiguration$DefaultTemplateResolverConfiguration - Cannot find template location: classpath:/templates/ (please add some templates or check your Thymeleaf configuration)
2021-03-18 16:23:51 [restartedMain] INFO  o.s.b.d.a.OptionalLiveReloadServer - LiveReload server is running on port 35729
2021-03-18 16:23:51 [restartedMain] INFO  o.s.b.w.e.tomcat.TomcatWebServer - Tomcat started on port(s): 8080 (http) with context path ''
2021-03-18 16:23:51 [restartedMain] INFO  com.epam.web.StartApplication - Started StartApplication in 1.171 seconds (JVM running for 2770.512)
2021-03-18 16:23:51 [restartedMain] INFO  o.s.b.d.a.ConditionEvaluationDeltaLoggingListener - Condition evaluation unchanged
2021-03-18 16:23:51 [restartedMain] INFO  o.s.b.w.e.tomcat.TomcatWebServer - Tomcat initialized with port(s): 8080 (http)
2021-03-18 16:23:51 [restartedMain] INFO  o.a.catalina.core.StandardService - Starting service [Tomcat]
2021-03-18 16:23:51 [restartedMain] INFO  o.a.catalina.core.StandardEngine - Starting Servlet engine: [Apache Tomcat/9.0.41]
2021-03-18 16:23:51 [restartedMain] INFO  o.a.c.c.C.[Tomcat].[localhost].[/] - Initializing Spring embedded WebApplicationContext
2021-03-18 16:23:51 [restartedMain] INFO  o.s.b.w.s.c.ServletWebServerApplicationContext - Root WebApplicationContext: initialization completed in 1033 ms
2021-03-18 16:23:51 [restartedMain] INFO  o.s.s.c.ThreadPoolTaskExecutor - Initializing ExecutorService 'applicationTaskExecutor'
2021-03-18 16:23:51 [restartedMain] WARN  o.s.b.a.t.ThymeleafAutoConfiguration$DefaultTemplateResolverConfiguration - Cannot find template location: classpath:/templates/ (please add some templates or check your Thymeleaf configuration)
2021-03-18 16:23:51 [restartedMain] WARN  o.s.b.d.a.OptionalLiveReloadServer - Unable to start LiveReload server
2021-03-18 16:23:51 [restartedMain] WARN  o.s.b.w.s.c.AnnotationConfigServletWebServerApplicationContext - Exception encountered during context initialization - cancelling refresh attempt: org.springframework.context.ApplicationContextException: Failed to start bean 'webServerStartStop'; nested exception is org.springframework.boot.web.server.PortInUseException: Port 8080 is already in use
2021-03-18 16:23:51 [restartedMain] INFO  o.s.s.c.ThreadPoolTaskExecutor - Shutting down ExecutorService 'applicationTaskExecutor'
2021-03-18 16:23:51 [restartedMain] INFO  o.a.catalina.core.StandardService - Stopping service [Tomcat]
2021-03-18 16:23:51 [restartedMain] INFO  o.s.b.a.l.ConditionEvaluationReportLoggingListener - 

Error starting ApplicationContext. To display the conditions report re-run your application with 'debug' enabled.
2021-03-18 16:23:51 [restartedMain] ERROR o.s.b.d.LoggingFailureAnalysisReporter - 

***************************
APPLICATION FAILED TO START
***************************

Description:

Web server failed to start. Port 8080 was already in use.

Action:

Identify and stop the process that's listening on port 8080 or configure this application to listen on another port.

